  client.c
c:\users\nuno\desktop\so2\snake\client\client.c(56): warning C4996: 'wscanf': This function or variable may be unsafe. Consider using wscanf_s instead. To disable deprecation, use _CRT_SECURE_NO_WARNINGS. See online help for details.
  c:\program files (x86)\windows kits\10\include\10.0.10240.0\ucrt\corecrt_wstdio.h(928): note: see declaration of 'wscanf'
c:\users\nuno\desktop\so2\snake\client\client.c(58): warning C4996: 'wscanf': This function or variable may be unsafe. Consider using wscanf_s instead. To disable deprecation, use _CRT_SECURE_NO_WARNINGS. See online help for details.
  c:\program files (x86)\windows kits\10\include\10.0.10240.0\ucrt\corecrt_wstdio.h(928): note: see declaration of 'wscanf'
c:\users\nuno\desktop\so2\snake\client\client.c(60): warning C4996: 'wscanf': This function or variable may be unsafe. Consider using wscanf_s instead. To disable deprecation, use _CRT_SECURE_NO_WARNINGS. See online help for details.
  c:\program files (x86)\windows kits\10\include\10.0.10240.0\ucrt\corecrt_wstdio.h(928): note: see declaration of 'wscanf'
c:\users\nuno\desktop\so2\snake\client\client.c(62): warning C4996: 'wscanf': This function or variable may be unsafe. Consider using wscanf_s instead. To disable deprecation, use _CRT_SECURE_NO_WARNINGS. See online help for details.
  c:\program files (x86)\windows kits\10\include\10.0.10240.0\ucrt\corecrt_wstdio.h(928): note: see declaration of 'wscanf'
c:\users\nuno\desktop\so2\snake\client\client.c(64): warning C4996: 'wscanf': This function or variable may be unsafe. Consider using wscanf_s instead. To disable deprecation, use _CRT_SECURE_NO_WARNINGS. See online help for details.
  c:\program files (x86)\windows kits\10\include\10.0.10240.0\ucrt\corecrt_wstdio.h(928): note: see declaration of 'wscanf'
c:\users\nuno\desktop\so2\snake\client\client.c(66): warning C4996: 'wscanf': This function or variable may be unsafe. Consider using wscanf_s instead. To disable deprecation, use _CRT_SECURE_NO_WARNINGS. See online help for details.
  c:\program files (x86)\windows kits\10\include\10.0.10240.0\ucrt\corecrt_wstdio.h(928): note: see declaration of 'wscanf'
c:\users\nuno\desktop\so2\snake\client\client.c(68): warning C4996: 'wscanf': This function or variable may be unsafe. Consider using wscanf_s instead. To disable deprecation, use _CRT_SECURE_NO_WARNINGS. See online help for details.
  c:\program files (x86)\windows kits\10\include\10.0.10240.0\ucrt\corecrt_wstdio.h(928): note: see declaration of 'wscanf'
c:\users\nuno\desktop\so2\snake\client\client.c(70): warning C4996: 'wscanf': This function or variable may be unsafe. Consider using wscanf_s instead. To disable deprecation, use _CRT_SECURE_NO_WARNINGS. See online help for details.
  c:\program files (x86)\windows kits\10\include\10.0.10240.0\ucrt\corecrt_wstdio.h(928): note: see declaration of 'wscanf'
c:\users\nuno\desktop\so2\snake\client\client.c(72): warning C4996: 'wscanf': This function or variable may be unsafe. Consider using wscanf_s instead. To disable deprecation, use _CRT_SECURE_NO_WARNINGS. See online help for details.
  c:\program files (x86)\windows kits\10\include\10.0.10240.0\ucrt\corecrt_wstdio.h(928): note: see declaration of 'wscanf'
c:\users\nuno\desktop\so2\snake\client\client.c(74): warning C4996: 'wscanf': This function or variable may be unsafe. Consider using wscanf_s instead. To disable deprecation, use _CRT_SECURE_NO_WARNINGS. See online help for details.
  c:\program files (x86)\windows kits\10\include\10.0.10240.0\ucrt\corecrt_wstdio.h(928): note: see declaration of 'wscanf'
  Client.vcxproj -> C:\Users\Nuno\Desktop\SO2\Snake\Debug\Client.exe
  Client.vcxproj -> C:\Users\Nuno\Desktop\SO2\Snake\Debug\Client.pdb (Full PDB)
